<?xml version="1.0" encoding="UTF-8"?>
<!-- Generated by org.testng.reporters.JUnitReportReporter -->
<testsuite hostname="vietnam-4113" failures="0" tests="2" name="com.ag.selenium.testCases.TC_Login_001" time="6.084" errors="0" timestamp="2022-12-05T13:59:44 ICT" skipped="0">
  <testcase classname="com.ag.selenium.testCases.TC_Login_001" name="login_001" time="5.164"/>
  <system-out/>
  <testcase classname="com.ag.selenium.testCases.TC_Login_001" name="login_001" time="0.920"/>
  <system-out/>
</testsuite> <!-- com.ag.selenium.testCases.TC_Login_001 -->
