<?xml version="1.0" encoding="UTF-8"?>
<!-- Generated by org.testng.reporters.JUnitReportReporter -->
<testsuite hostname="vietnam-4113" failures="0" tests="1" name="com.ag.selenium.testCases.TC_Login_003" time="14.478" errors="0" timestamp="2022-12-02T12:02:36 ICT" skipped="0">
  <testcase classname="com.ag.selenium.testCases.TC_Login_003" name="login_003" time="14.478"/>
  <system-out/>
</testsuite> <!-- com.ag.selenium.testCases.TC_Login_003 -->
