<?xml version="1.0" encoding="UTF-8"?>
<!-- Generated by org.testng.reporters.JUnitReportReporter -->
<testsuite hostname="vietnam-4113" failures="0" tests="1" name="com.ag.selenium.testCases.TC_Login_002" time="25.993" errors="0" timestamp="2022-12-05T13:59:44 ICT" skipped="0">
  <testcase classname="com.ag.selenium.testCases.TC_Login_002" name="login_002" time="25.993"/>
  <system-out/>
</testsuite> <!-- com.ag.selenium.testCases.TC_Login_002 -->
